C:\lscc\iCEcube2.2020.12\synpbase\bin64\c_hdl.exe  -osyn  "C:\Users\Cturj\Desktop\thor cpu\pipelined_processor\pipelined_processor_Implmnt\synwork\pipelined_processor_comp.srs"  -hdllog  "C:\Users\Cturj\Desktop\thor cpu\pipelined_processor\pipelined_processor_Implmnt\synlog\pipelined_processor_compiler.srr"  -encrypt  -mp  4  -verification_mode 0  -verilog  -prodtype  synplify_pro  -primux -fixsmult -infer_seqShift -ice -sdff_counter -nram -divnmod -nostructver   -I "C:\Users\Cturj\Desktop\thor cpu\pipelined_processor\"  -I C:\lscc\iCEcube2.2020.12\synpbase\lib   -v2001  -devicelib  C:\lscc\iCEcube2.2020.12\synpbase\lib\generic\sb_ice40.v  -encrypt  -pro  -dmgen  "C:\Users\Cturj\Desktop\thor cpu\pipelined_processor\pipelined_processor_Implmnt\dm"  -ui -fid2 -ram -sharing on -ll 2000 -autosm  -lib work "C:\Users\Cturj\Desktop\thor cpu\cpu.v" -lib work "C:\Users\Cturj\Desktop\thor cpu\ex_stage.v" -lib work "C:\Users\Cturj\Desktop\thor cpu\id_stage.v" -lib work "C:\Users\Cturj\Desktop\thor cpu\if_stage.v" -lib work "C:\Users\Cturj\Desktop\thor cpu\instruction_rom.v" -lib work "C:\Users\Cturj\Desktop\thor cpu\mem_stage.v" -lib work "C:\Users\Cturj\Desktop\thor cpu\pipe_reg_id_ex.v" -lib work "C:\Users\Cturj\Desktop\thor cpu\pipe_reg_ex_mem.v" -lib work "C:\Users\Cturj\Desktop\thor cpu\pipe_reg_if_id.v" -lib work "C:\Users\Cturj\Desktop\thor cpu\pipe_reg_mem_wb.v" -lib work "C:\Users\Cturj\Desktop\thor cpu\reg_file.v" -lib work "C:\Users\Cturj\Desktop\thor cpu\top.v" -lib work "C:\Users\Cturj\Desktop\thor cpu\DebounceSwitch.v" -lib work "C:\Users\Cturj\Desktop\thor cpu\sevenseg_hex.v" 
rc:0 success:1 runtime:2
file:C:\Users\Cturj\Desktop\thor cpu\pipelined_processor\pipelined_processor_Implmnt\synwork\pipelined_processor_comp.srs|io:o|time:1751987714|size:14326|exec:0
file:C:\Users\Cturj\Desktop\thor cpu\pipelined_processor\pipelined_processor_Implmnt\synlog\pipelined_processor_compiler.srr|io:o|time:1751987714|size:7697|exec:0
file:C:\lscc\iCEcube2.2020.12\synpbase\lib\generic\sb_ice40.v|io:i|time:1751826837|size:224837|exec:0
file:C:\Users\Cturj\Desktop\thor cpu\cpu.v|io:i|time:1751987235|size:2099|exec:0
file:C:\Users\Cturj\Desktop\thor cpu\ex_stage.v|io:i|time:1751986966|size:496|exec:0
file:C:\Users\Cturj\Desktop\thor cpu\id_stage.v|io:i|time:1751987131|size:452|exec:0
file:C:\Users\Cturj\Desktop\thor cpu\if_stage.v|io:i|time:1751987261|size:497|exec:0
file:C:\Users\Cturj\Desktop\thor cpu\instruction_rom.v|io:i|time:1751986889|size:764|exec:0
file:C:\Users\Cturj\Desktop\thor cpu\mem_stage.v|io:i|time:1751987068|size:244|exec:0
file:C:\Users\Cturj\Desktop\thor cpu\pipe_reg_id_ex.v|io:i|time:1751987377|size:899|exec:0
file:C:\Users\Cturj\Desktop\thor cpu\pipe_reg_ex_mem.v|io:i|time:1751987358|size:593|exec:0
file:C:\Users\Cturj\Desktop\thor cpu\pipe_reg_if_id.v|io:i|time:1751986939|size:586|exec:0
file:C:\Users\Cturj\Desktop\thor cpu\pipe_reg_mem_wb.v|io:i|time:1751987402|size:585|exec:0
file:C:\Users\Cturj\Desktop\thor cpu\reg_file.v|io:i|time:1751987021|size:800|exec:0
file:C:\Users\Cturj\Desktop\thor cpu\top.v|io:i|time:1751987172|size:2205|exec:0
file:C:\Users\Cturj\Desktop\thor cpu\DebounceSwitch.v|io:i|time:1751987335|size:841|exec:0
file:C:\Users\Cturj\Desktop\thor cpu\sevenseg_hex.v|io:i|time:1751987442|size:1034|exec:0
file:C:\lscc\iCEcube2.2020.12\synpbase\bin\c_hdl.exe|io:i|time:1751826834|size:1338368|exec:1
file:C:\lscc\iCEcube2.2020.12\synpbase\bin64\c_hdl.exe|io:i|time:1751826835|size:1754112|exec:1
